2026-01-14T00:58:45.310Z - User disconnected: rJRwX_Hc1H1NWIGMAAB7
2026-01-14T00:58:45.976Z - User connected: 0lHZbF2hdn_orbd8AAB_
2026-01-14T00:58:46.139Z - User 0lHZbF2hdn_orbd8AAB_ joined room 09ea1e79-ffd9-4177-b750-097da61e71a3
2026-01-14T00:58:46.139Z - User 0lHZbF2hdn_orbd8AAB_ joined room d0dcc3f8-60ca-43b0-9f4f-91bc51c1a009
2026-01-14T00:58:46.139Z - User 0lHZbF2hdn_orbd8AAB_ joined room 09ea1e79-ffd9-4177-b750-097da61e71a3
2026-01-14T00:58:46.620Z - User disconnected: 0lHZbF2hdn_orbd8AAB_
2026-01-14T00:58:46.777Z - User connected: tpx5FPvduiLlMeLKAACB
2026-01-14T00:58:46.809Z - User tpx5FPvduiLlMeLKAACB joined room 09ea1e79-ffd9-4177-b750-097da61e71a3
2026-01-14T00:58:46.909Z - User tpx5FPvduiLlMeLKAACB joined room d0dcc3f8-60ca-43b0-9f4f-91bc51c1a009
2026-01-14T00:58:46.909Z - User tpx5FPvduiLlMeLKAACB joined room 09ea1e79-ffd9-4177-b750-097da61e71a3
2026-01-14T00:59:24.924Z - User disconnected: tpx5FPvduiLlMeLKAACB
2026-01-14T00:59:24.932Z - User disconnected: LlZINOt3eCap6UoGAAB9
2026-01-14T01:00:13.173Z - User connected: fujqaGKqh5dks8v9AACD
2026-01-14T01:00:13.208Z - User fujqaGKqh5dks8v9AACD joined room 09ea1e79-ffd9-4177-b750-097da61e71a3
2026-01-14T01:00:13.209Z - User fujqaGKqh5dks8v9AACD joined room d0dcc3f8-60ca-43b0-9f4f-91bc51c1a009
2026-01-14T01:00:13.209Z - User fujqaGKqh5dks8v9AACD joined room 09ea1e79-ffd9-4177-b750-097da61e71a3
2026-01-14T01:00:14.398Z - User disconnected: fujqaGKqh5dks8v9AACD
2026-01-14T01:00:15.037Z - User connected: JMegtEEYKpV_KfelAACF
2026-01-14T01:00:15.073Z - User JMegtEEYKpV_KfelAACF joined room 09ea1e79-ffd9-4177-b750-097da61e71a3
2026-01-14T01:00:15.174Z - User JMegtEEYKpV_KfelAACF joined room d0dcc3f8-60ca-43b0-9f4f-91bc51c1a009
2026-01-14T01:00:15.174Z - User JMegtEEYKpV_KfelAACF joined room 09ea1e79-ffd9-4177-b750-097da61e71a3
2026-01-14T01:00:18.773Z - User JMegtEEYKpV_KfelAACF joined room 09ea1e79-ffd9-4177-b750-097da61e71a3
2026-01-14T01:00:18.778Z - User JMegtEEYKpV_KfelAACF joined room d0dcc3f8-60ca-43b0-9f4f-91bc51c1a009
2026-01-14T01:00:18.778Z - User JMegtEEYKpV_KfelAACF joined room 09ea1e79-ffd9-4177-b750-097da61e71a3
2026-01-14T01:00:18.778Z - User JMegtEEYKpV_KfelAACF joined room 09ea1e79-ffd9-4177-b750-097da61e71a3
2026-01-14T01:00:18.778Z - User JMegtEEYKpV_KfelAACF joined room d0dcc3f8-60ca-43b0-9f4f-91bc51c1a009
2026-01-14T01:00:18.778Z - User JMegtEEYKpV_KfelAACF joined room 09ea1e79-ffd9-4177-b750-097da61e71a3
2026-01-14T01:00:43.493Z - User connected: 4yhwNbp8eB43ol7UAACH
2026-01-14T01:00:43.542Z - User 4yhwNbp8eB43ol7UAACH joined room 09ea1e79-ffd9-4177-b750-097da61e71a3
2026-01-14T01:00:43.542Z - User 4yhwNbp8eB43ol7UAACH joined room 70a7419c-0af5-4822-8919-2c18f4e350a3
2026-01-14T01:00:43.542Z - User 4yhwNbp8eB43ol7UAACH joined room 09ea1e79-ffd9-4177-b750-097da61e71a3
2026-01-14T01:00:44.429Z - User disconnected: JMegtEEYKpV_KfelAACF
2026-01-14T01:00:45.239Z - User connected: uuGJ5pCKU9L0sGMwAACJ
2026-01-14T01:00:45.265Z - User uuGJ5pCKU9L0sGMwAACJ joined room 09ea1e79-ffd9-4177-b750-097da61e71a3
2026-01-14T01:00:45.265Z - User uuGJ5pCKU9L0sGMwAACJ joined room d0dcc3f8-60ca-43b0-9f4f-91bc51c1a009
2026-01-14T01:00:45.265Z - User uuGJ5pCKU9L0sGMwAACJ joined room 09ea1e79-ffd9-4177-b750-097da61e71a3
2026-01-14T01:00:45.886Z - User disconnected: 4yhwNbp8eB43ol7UAACH
2026-01-14T01:00:46.227Z - User connected: Xtv05YapjkLqEgrMAACL
2026-01-14T01:00:46.286Z - User Xtv05YapjkLqEgrMAACL joined room 09ea1e79-ffd9-4177-b750-097da61e71a3
2026-01-14T01:00:46.286Z - User Xtv05YapjkLqEgrMAACL joined room 70a7419c-0af5-4822-8919-2c18f4e350a3
2026-01-14T01:00:46.286Z - User Xtv05YapjkLqEgrMAACL joined room 09ea1e79-ffd9-4177-b750-097da61e71a3
2026-01-14T01:01:28.638Z - User disconnected: uuGJ5pCKU9L0sGMwAACJ
2026-01-14T01:01:29.489Z - User connected: nkHU_m8bSsdh0CyvAACN
2026-01-14T01:01:29.601Z - User nkHU_m8bSsdh0CyvAACN joined room 09ea1e79-ffd9-4177-b750-097da61e71a3
2026-01-14T01:01:29.601Z - User nkHU_m8bSsdh0CyvAACN joined room d0dcc3f8-60ca-43b0-9f4f-91bc51c1a009
2026-01-14T01:01:29.601Z - User nkHU_m8bSsdh0CyvAACN joined room 09ea1e79-ffd9-4177-b750-097da61e71a3
2026-01-14T01:01:29.903Z - User disconnected: nkHU_m8bSsdh0CyvAACN
2026-01-14T01:01:30.078Z - User disconnected: Xtv05YapjkLqEgrMAACL
2026-01-14T01:01:30.251Z - User connected: FHdDjuF7FDNE34VqAACP
2026-01-14T01:01:30.384Z - User FHdDjuF7FDNE34VqAACP joined room 09ea1e79-ffd9-4177-b750-097da61e71a3
2026-01-14T01:01:30.384Z - User FHdDjuF7FDNE34VqAACP joined room d0dcc3f8-60ca-43b0-9f4f-91bc51c1a009
2026-01-14T01:01:30.384Z - User FHdDjuF7FDNE34VqAACP joined room 09ea1e79-ffd9-4177-b750-097da61e71a3
2026-01-14T01:01:30.572Z - User connected: 7Elw_e9XVlsjA5_TAACR
2026-01-14T01:01:30.669Z - User 7Elw_e9XVlsjA5_TAACR joined room 09ea1e79-ffd9-4177-b750-097da61e71a3
2026-01-14T01:01:30.669Z - User 7Elw_e9XVlsjA5_TAACR joined room 70a7419c-0af5-4822-8919-2c18f4e350a3
2026-01-14T01:01:30.669Z - User 7Elw_e9XVlsjA5_TAACR joined room 09ea1e79-ffd9-4177-b750-097da61e71a3
2026-01-14T01:01:42.627Z - User disconnected: FHdDjuF7FDNE34VqAACP
2026-01-14T01:01:44.118Z - User connected: MkEl_fizm_FKKyM5AACT
2026-01-14T01:01:44.124Z - User MkEl_fizm_FKKyM5AACT joined room 09ea1e79-ffd9-4177-b750-097da61e71a3
2026-01-14T01:01:44.124Z - User MkEl_fizm_FKKyM5AACT joined room d0dcc3f8-60ca-43b0-9f4f-91bc51c1a009
2026-01-14T01:01:44.124Z - User MkEl_fizm_FKKyM5AACT joined room 09ea1e79-ffd9-4177-b750-097da61e71a3
2026-01-14T01:01:44.302Z - User disconnected: MkEl_fizm_FKKyM5AACT
2026-01-14T01:01:44.535Z - User connected: fve_nKHuvNmLIW5rAACV
2026-01-14T01:01:44.567Z - User fve_nKHuvNmLIW5rAACV joined room 09ea1e79-ffd9-4177-b750-097da61e71a3
2026-01-14T01:01:44.567Z - User fve_nKHuvNmLIW5rAACV joined room d0dcc3f8-60ca-43b0-9f4f-91bc51c1a009
2026-01-14T01:01:44.567Z - User fve_nKHuvNmLIW5rAACV joined room 09ea1e79-ffd9-4177-b750-097da61e71a3
2026-01-14T01:02:07.271Z - User disconnected: 7Elw_e9XVlsjA5_TAACR
2026-01-14T01:02:07.597Z - User connected: jFI_cOFrpXeRNkJ7AACX
2026-01-14T01:02:07.644Z - User jFI_cOFrpXeRNkJ7AACX joined room 09ea1e79-ffd9-4177-b750-097da61e71a3
2026-01-14T01:02:07.644Z - User jFI_cOFrpXeRNkJ7AACX joined room 70a7419c-0af5-4822-8919-2c18f4e350a3
2026-01-14T01:02:07.644Z - User jFI_cOFrpXeRNkJ7AACX joined room 09ea1e79-ffd9-4177-b750-097da61e71a3
2026-01-14T01:02:08.309Z - User disconnected: fve_nKHuvNmLIW5rAACV
2026-01-14T01:02:08.909Z - User connected: ahOnBriWL6x687YGAACZ
2026-01-14T01:02:08.915Z - User ahOnBriWL6x687YGAACZ joined room 09ea1e79-ffd9-4177-b750-097da61e71a3
2026-01-14T01:02:08.915Z - User ahOnBriWL6x687YGAACZ joined room d0dcc3f8-60ca-43b0-9f4f-91bc51c1a009
2026-01-14T01:02:08.915Z - User ahOnBriWL6x687YGAACZ joined room 09ea1e79-ffd9-4177-b750-097da61e71a3
2026-01-14T01:02:09.160Z - User disconnected: ahOnBriWL6x687YGAACZ
2026-01-14T01:02:09.351Z - User connected: JL1292dLhyr9UssDAACb
2026-01-14T01:02:09.394Z - User JL1292dLhyr9UssDAACb joined room 09ea1e79-ffd9-4177-b750-097da61e71a3
2026-01-14T01:02:09.394Z - User JL1292dLhyr9UssDAACb joined room d0dcc3f8-60ca-43b0-9f4f-91bc51c1a009
2026-01-14T01:02:09.394Z - User JL1292dLhyr9UssDAACb joined room 09ea1e79-ffd9-4177-b750-097da61e71a3
2026-01-14T01:02:55.503Z - User jFI_cOFrpXeRNkJ7AACX joined room 09ea1e79-ffd9-4177-b750-097da61e71a3
2026-01-14T01:02:55.504Z - User jFI_cOFrpXeRNkJ7AACX joined room 70a7419c-0af5-4822-8919-2c18f4e350a3
2026-01-14T01:02:55.630Z - User JL1292dLhyr9UssDAACb joined room 09ea1e79-ffd9-4177-b750-097da61e71a3
2026-01-14T01:02:55.633Z - User JL1292dLhyr9UssDAACb joined room d0dcc3f8-60ca-43b0-9f4f-91bc51c1a009
2026-01-14T01:03:06.456Z - User disconnected: jFI_cOFrpXeRNkJ7AACX
2026-01-14T01:03:06.681Z - User disconnected: JL1292dLhyr9UssDAACb
2026-01-14T01:03:06.763Z - User connected: yUwT5nhz_UqX_OOuAACd
2026-01-14T01:03:06.809Z - User yUwT5nhz_UqX_OOuAACd joined room 09ea1e79-ffd9-4177-b750-097da61e71a3
2026-01-14T01:03:06.809Z - User yUwT5nhz_UqX_OOuAACd joined room 70a7419c-0af5-4822-8919-2c18f4e350a3
2026-01-14T01:03:06.809Z - User yUwT5nhz_UqX_OOuAACd joined room 09ea1e79-ffd9-4177-b750-097da61e71a3
2026-01-14T01:03:07.769Z - User connected: duEJLpMSrl5F2Iz8AACf
2026-01-14T01:03:07.802Z - User duEJLpMSrl5F2Iz8AACf joined room 09ea1e79-ffd9-4177-b750-097da61e71a3
2026-01-14T01:03:07.802Z - User duEJLpMSrl5F2Iz8AACf joined room d0dcc3f8-60ca-43b0-9f4f-91bc51c1a009
2026-01-14T01:03:07.802Z - User duEJLpMSrl5F2Iz8AACf joined room 09ea1e79-ffd9-4177-b750-097da61e71a3
2026-01-14T01:03:08.763Z - User disconnected: duEJLpMSrl5F2Iz8AACf
2026-01-14T01:03:09.490Z - User connected: E_9FS-vAoSYEY5IqAACh
2026-01-14T01:03:09.530Z - User E_9FS-vAoSYEY5IqAACh joined room 09ea1e79-ffd9-4177-b750-097da61e71a3
2026-01-14T01:03:09.530Z - User E_9FS-vAoSYEY5IqAACh joined room d0dcc3f8-60ca-43b0-9f4f-91bc51c1a009
2026-01-14T01:03:09.530Z - User E_9FS-vAoSYEY5IqAACh joined room 09ea1e79-ffd9-4177-b750-097da61e71a3
2026-01-14T01:03:11.264Z - User disconnected: E_9FS-vAoSYEY5IqAACh
2026-01-14T01:03:12.472Z - User connected: Q6kodJCw_SwDVFGKAACj
2026-01-14T01:03:12.481Z - User Q6kodJCw_SwDVFGKAACj joined room 09ea1e79-ffd9-4177-b750-097da61e71a3
2026-01-14T01:03:12.481Z - User Q6kodJCw_SwDVFGKAACj joined room d0dcc3f8-60ca-43b0-9f4f-91bc51c1a009
2026-01-14T01:03:12.481Z - User Q6kodJCw_SwDVFGKAACj joined room 09ea1e79-ffd9-4177-b750-097da61e71a3
2026-01-14T01:03:12.567Z - User disconnected: yUwT5nhz_UqX_OOuAACd
2026-01-14T01:03:12.863Z - User disconnected: Q6kodJCw_SwDVFGKAACj
2026-01-14T01:03:12.882Z - User connected: J42Dh2EvTyLDCunXAACl
2026-01-14T01:03:12.934Z - User J42Dh2EvTyLDCunXAACl joined room 09ea1e79-ffd9-4177-b750-097da61e71a3
2026-01-14T01:03:12.934Z - User J42Dh2EvTyLDCunXAACl joined room 70a7419c-0af5-4822-8919-2c18f4e350a3
2026-01-14T01:03:12.934Z - User J42Dh2EvTyLDCunXAACl joined room 09ea1e79-ffd9-4177-b750-097da61e71a3
2026-01-14T01:03:13.114Z - User connected: N0sdVe4KXTmdbvanAACn
2026-01-14T01:03:13.147Z - User N0sdVe4KXTmdbvanAACn joined room 09ea1e79-ffd9-4177-b750-097da61e71a3
2026-01-14T01:03:13.147Z - User N0sdVe4KXTmdbvanAACn joined room d0dcc3f8-60ca-43b0-9f4f-91bc51c1a009
2026-01-14T01:03:13.147Z - User N0sdVe4KXTmdbvanAACn joined room 09ea1e79-ffd9-4177-b750-097da61e71a3
2026-01-14T01:03:14.092Z - User disconnected: J42Dh2EvTyLDCunXAACl
2026-01-14T01:03:14.117Z - User disconnected: N0sdVe4KXTmdbvanAACn
2026-01-14T01:03:14.371Z - User connected: a3DSOlyGzi86CtCWAACp
2026-01-14T01:03:14.475Z - User a3DSOlyGzi86CtCWAACp joined room 09ea1e79-ffd9-4177-b750-097da61e71a3
2026-01-14T01:03:14.475Z - User a3DSOlyGzi86CtCWAACp joined room 70a7419c-0af5-4822-8919-2c18f4e350a3
2026-01-14T01:03:14.475Z - User a3DSOlyGzi86CtCWAACp joined room 09ea1e79-ffd9-4177-b750-097da61e71a3
2026-01-14T01:03:14.932Z - User connected: l45PPzl75d9CdGyBAACr
2026-01-14T01:03:14.968Z - User l45PPzl75d9CdGyBAACr joined room 09ea1e79-ffd9-4177-b750-097da61e71a3
2026-01-14T01:03:14.968Z - User l45PPzl75d9CdGyBAACr joined room d0dcc3f8-60ca-43b0-9f4f-91bc51c1a009
2026-01-14T01:03:14.968Z - User l45PPzl75d9CdGyBAACr joined room 09ea1e79-ffd9-4177-b750-097da61e71a3
2026-01-14T01:03:15.110Z - User disconnected: a3DSOlyGzi86CtCWAACp
2026-01-14T01:03:15.208Z - User disconnected: l45PPzl75d9CdGyBAACr
2026-01-14T01:03:15.426Z - User connected: x4bfVXv_TpEIU5L-AACt
2026-01-14T01:03:15.481Z - User x4bfVXv_TpEIU5L-AACt joined room 09ea1e79-ffd9-4177-b750-097da61e71a3
2026-01-14T01:03:15.481Z - User x4bfVXv_TpEIU5L-AACt joined room 70a7419c-0af5-4822-8919-2c18f4e350a3
2026-01-14T01:03:15.481Z - User x4bfVXv_TpEIU5L-AACt joined room 09ea1e79-ffd9-4177-b750-097da61e71a3
2026-01-14T01:03:15.969Z - User connected: fdKv_-39R3ezKVf2AACv
2026-01-14T01:03:16.007Z - User fdKv_-39R3ezKVf2AACv joined room 09ea1e79-ffd9-4177-b750-097da61e71a3
2026-01-14T01:03:16.007Z - User fdKv_-39R3ezKVf2AACv joined room d0dcc3f8-60ca-43b0-9f4f-91bc51c1a009
2026-01-14T01:03:16.007Z - User fdKv_-39R3ezKVf2AACv joined room 09ea1e79-ffd9-4177-b750-097da61e71a3
2026-01-14T01:03:16.173Z - User disconnected: fdKv_-39R3ezKVf2AACv
2026-01-14T01:03:16.252Z - User disconnected: x4bfVXv_TpEIU5L-AACt
2026-01-14T01:03:16.618Z - User connected: gJU3RuY3wmesynLQAACx
2026-01-14T01:03:16.662Z - User gJU3RuY3wmesynLQAACx joined room 09ea1e79-ffd9-4177-b750-097da61e71a3
2026-01-14T01:03:16.662Z - User gJU3RuY3wmesynLQAACx joined room 70a7419c-0af5-4822-8919-2c18f4e350a3
2026-01-14T01:03:16.662Z - User gJU3RuY3wmesynLQAACx joined room 09ea1e79-ffd9-4177-b750-097da61e71a3
2026-01-14T01:03:16.933Z - User connected: P80LuLgndkVtRnOxAACz
2026-01-14T01:03:16.978Z - User disconnected: P80LuLgndkVtRnOxAACz
2026-01-14T01:03:17.199Z - User disconnected: gJU3RuY3wmesynLQAACx
2026-01-14T01:03:17.506Z - User connected: 56iE9GPayle8FzckAAC1
2026-01-14T01:03:17.575Z - User 56iE9GPayle8FzckAAC1 joined room 09ea1e79-ffd9-4177-b750-097da61e71a3
2026-01-14T01:03:17.575Z - User 56iE9GPayle8FzckAAC1 joined room 70a7419c-0af5-4822-8919-2c18f4e350a3
2026-01-14T01:03:17.575Z - User 56iE9GPayle8FzckAAC1 joined room 09ea1e79-ffd9-4177-b750-097da61e71a3
2026-01-14T01:03:17.812Z - User connected: mwFWsUTYN91FLY4sAAC3
2026-01-14T01:03:17.840Z - User mwFWsUTYN91FLY4sAAC3 joined room 09ea1e79-ffd9-4177-b750-097da61e71a3
2026-01-14T01:03:17.840Z - User mwFWsUTYN91FLY4sAAC3 joined room d0dcc3f8-60ca-43b0-9f4f-91bc51c1a009
2026-01-14T01:03:17.840Z - User mwFWsUTYN91FLY4sAAC3 joined room 09ea1e79-ffd9-4177-b750-097da61e71a3
2026-01-14T01:03:17.845Z - User disconnected: 56iE9GPayle8FzckAAC1
2026-01-14T01:03:18.117Z - User connected: 4hWSHEo263ZzoJn5AAC5
2026-01-14T01:03:18.233Z - User 4hWSHEo263ZzoJn5AAC5 joined room 09ea1e79-ffd9-4177-b750-097da61e71a3
2026-01-14T01:03:18.234Z - User 4hWSHEo263ZzoJn5AAC5 joined room 70a7419c-0af5-4822-8919-2c18f4e350a3
2026-01-14T01:03:18.234Z - User 4hWSHEo263ZzoJn5AAC5 joined room 09ea1e79-ffd9-4177-b750-097da61e71a3
2026-01-14T01:03:18.239Z - User disconnected: mwFWsUTYN91FLY4sAAC3
2026-01-14T01:03:18.504Z - User connected: ANnIpVt6nqAdWB3pAAC7
2026-01-14T01:03:18.561Z - User ANnIpVt6nqAdWB3pAAC7 joined room 09ea1e79-ffd9-4177-b750-097da61e71a3
2026-01-14T01:03:18.562Z - User ANnIpVt6nqAdWB3pAAC7 joined room d0dcc3f8-60ca-43b0-9f4f-91bc51c1a009
2026-01-14T01:03:18.562Z - User ANnIpVt6nqAdWB3pAAC7 joined room 09ea1e79-ffd9-4177-b750-097da61e71a3
2026-01-14T01:03:18.603Z - User disconnected: 4hWSHEo263ZzoJn5AAC5
2026-01-14T01:03:18.824Z - User connected: V4t-dfoPwl1NcCNyAAC9
2026-01-14T01:03:18.856Z - User disconnected: ANnIpVt6nqAdWB3pAAC7
2026-01-14T01:03:18.977Z - User V4t-dfoPwl1NcCNyAAC9 joined room 09ea1e79-ffd9-4177-b750-097da61e71a3
2026-01-14T01:03:18.977Z - User V4t-dfoPwl1NcCNyAAC9 joined room 70a7419c-0af5-4822-8919-2c18f4e350a3
2026-01-14T01:03:18.977Z - User V4t-dfoPwl1NcCNyAAC9 joined room 09ea1e79-ffd9-4177-b750-097da61e71a3
2026-01-14T01:03:19.133Z - User connected: H7CEZGk0yWDPzmqpAAC_
2026-01-14T01:03:19.146Z - User disconnected: V4t-dfoPwl1NcCNyAAC9
2026-01-14T01:03:19.173Z - User H7CEZGk0yWDPzmqpAAC_ joined room 09ea1e79-ffd9-4177-b750-097da61e71a3
2026-01-14T01:03:19.173Z - User H7CEZGk0yWDPzmqpAAC_ joined room d0dcc3f8-60ca-43b0-9f4f-91bc51c1a009
2026-01-14T01:03:19.173Z - User H7CEZGk0yWDPzmqpAAC_ joined room 09ea1e79-ffd9-4177-b750-097da61e71a3
2026-01-14T01:03:19.532Z - User connected: qjs1XYbOb-_6VMoAAADB
2026-01-14T01:03:19.548Z - User disconnected: H7CEZGk0yWDPzmqpAAC_
2026-01-14T01:03:19.574Z - User qjs1XYbOb-_6VMoAAADB joined room 09ea1e79-ffd9-4177-b750-097da61e71a3
2026-01-14T01:03:19.574Z - User qjs1XYbOb-_6VMoAAADB joined room 70a7419c-0af5-4822-8919-2c18f4e350a3
2026-01-14T01:03:19.574Z - User qjs1XYbOb-_6VMoAAADB joined room 09ea1e79-ffd9-4177-b750-097da61e71a3
2026-01-14T01:03:19.795Z - User connected: ZS4bsJZ4Sr7O5ZR-AADD
2026-01-14T01:03:19.835Z - User ZS4bsJZ4Sr7O5ZR-AADD joined room 09ea1e79-ffd9-4177-b750-097da61e71a3
2026-01-14T01:03:19.836Z - User ZS4bsJZ4Sr7O5ZR-AADD joined room d0dcc3f8-60ca-43b0-9f4f-91bc51c1a009
2026-01-14T01:03:19.836Z - User ZS4bsJZ4Sr7O5ZR-AADD joined room 09ea1e79-ffd9-4177-b750-097da61e71a3
2026-01-14T01:03:19.931Z - User disconnected: qjs1XYbOb-_6VMoAAADB
2026-01-14T01:03:20.204Z - User disconnected: ZS4bsJZ4Sr7O5ZR-AADD
2026-01-14T01:03:20.319Z - User connected: GTeCqSOEOAvZtmqEAADF
2026-01-14T01:03:20.498Z - User GTeCqSOEOAvZtmqEAADF joined room 09ea1e79-ffd9-4177-b750-097da61e71a3
2026-01-14T01:03:20.498Z - User GTeCqSOEOAvZtmqEAADF joined room 70a7419c-0af5-4822-8919-2c18f4e350a3
2026-01-14T01:03:20.498Z - User GTeCqSOEOAvZtmqEAADF joined room 09ea1e79-ffd9-4177-b750-097da61e71a3
2026-01-14T01:03:20.566Z - User disconnected: GTeCqSOEOAvZtmqEAADF
2026-01-14T01:03:20.936Z - User connected: Gnstie1wFOuWPLoIAADH
2026-01-14T01:03:21.022Z - User Gnstie1wFOuWPLoIAADH joined room 09ea1e79-ffd9-4177-b750-097da61e71a3
2026-01-14T01:03:21.022Z - User Gnstie1wFOuWPLoIAADH joined room 70a7419c-0af5-4822-8919-2c18f4e350a3
2026-01-14T01:03:21.022Z - User Gnstie1wFOuWPLoIAADH joined room 09ea1e79-ffd9-4177-b750-097da61e71a3
2026-01-14T01:03:21.201Z - User disconnected: Gnstie1wFOuWPLoIAADH
2026-01-14T01:03:21.553Z - User connected: jK4bKIzsXm7dfgn3AADJ
2026-01-14T01:03:21.609Z - User jK4bKIzsXm7dfgn3AADJ joined room 09ea1e79-ffd9-4177-b750-097da61e71a3
2026-01-14T01:03:21.609Z - User jK4bKIzsXm7dfgn3AADJ joined room 70a7419c-0af5-4822-8919-2c18f4e350a3
2026-01-14T01:03:21.609Z - User jK4bKIzsXm7dfgn3AADJ joined room 09ea1e79-ffd9-4177-b750-097da61e71a3
2026-01-14T01:03:21.744Z - User disconnected: jK4bKIzsXm7dfgn3AADJ
2026-01-14T01:03:22.137Z - User connected: bBUseEWjiOBIaB_RAADL
2026-01-14T01:03:22.191Z - User bBUseEWjiOBIaB_RAADL joined room 09ea1e79-ffd9-4177-b750-097da61e71a3
2026-01-14T01:03:22.191Z - User bBUseEWjiOBIaB_RAADL joined room 70a7419c-0af5-4822-8919-2c18f4e350a3
2026-01-14T01:03:22.191Z - User bBUseEWjiOBIaB_RAADL joined room 09ea1e79-ffd9-4177-b750-097da61e71a3
2026-01-14T01:03:22.432Z - User disconnected: bBUseEWjiOBIaB_RAADL
2026-01-14T01:03:22.831Z - User connected: 2pOw_5loDft_aYSBAADN
2026-01-14T01:03:22.893Z - User 2pOw_5loDft_aYSBAADN joined room 09ea1e79-ffd9-4177-b750-097da61e71a3
2026-01-14T01:03:22.893Z - User 2pOw_5loDft_aYSBAADN joined room 70a7419c-0af5-4822-8919-2c18f4e350a3
2026-01-14T01:03:22.894Z - User 2pOw_5loDft_aYSBAADN joined room 09ea1e79-ffd9-4177-b750-097da61e71a3
2026-01-14T01:03:23.471Z - User disconnected: 2pOw_5loDft_aYSBAADN
2026-01-14T01:03:23.912Z - User connected: zSLJlPld9mgAlP_SAADP
2026-01-14T01:03:23.983Z - User zSLJlPld9mgAlP_SAADP joined room 09ea1e79-ffd9-4177-b750-097da61e71a3
2026-01-14T01:03:23.983Z - User zSLJlPld9mgAlP_SAADP joined room 70a7419c-0af5-4822-8919-2c18f4e350a3
2026-01-14T01:03:23.983Z - User zSLJlPld9mgAlP_SAADP joined room 09ea1e79-ffd9-4177-b750-097da61e71a3
2026-01-14T01:03:24.485Z - User connected: aE_lWKUBkm_YK6GqAADR
2026-01-14T01:03:24.534Z - User aE_lWKUBkm_YK6GqAADR joined room 09ea1e79-ffd9-4177-b750-097da61e71a3
2026-01-14T01:03:24.534Z - User aE_lWKUBkm_YK6GqAADR joined room d0dcc3f8-60ca-43b0-9f4f-91bc51c1a009
2026-01-14T01:03:24.534Z - User aE_lWKUBkm_YK6GqAADR joined room 09ea1e79-ffd9-4177-b750-097da61e71a3
2026-01-14T01:03:24.793Z - User disconnected: aE_lWKUBkm_YK6GqAADR
2026-01-14T01:03:25.573Z - User connected: tFaCer0mVTG4f1FQAADT
2026-01-14T01:03:25.607Z - User tFaCer0mVTG4f1FQAADT joined room 09ea1e79-ffd9-4177-b750-097da61e71a3
2026-01-14T01:03:25.607Z - User tFaCer0mVTG4f1FQAADT joined room d0dcc3f8-60ca-43b0-9f4f-91bc51c1a009
2026-01-14T01:03:25.607Z - User tFaCer0mVTG4f1FQAADT joined room 09ea1e79-ffd9-4177-b750-097da61e71a3
2026-01-14T01:03:25.850Z - User disconnected: zSLJlPld9mgAlP_SAADP
2026-01-14T01:03:26.084Z - User connected: 1uohPTGLeHqbGGbiAADV
2026-01-14T01:03:26.192Z - User 1uohPTGLeHqbGGbiAADV joined room 09ea1e79-ffd9-4177-b750-097da61e71a3
2026-01-14T01:03:26.192Z - User 1uohPTGLeHqbGGbiAADV joined room 70a7419c-0af5-4822-8919-2c18f4e350a3
2026-01-14T01:03:26.193Z - User 1uohPTGLeHqbGGbiAADV joined room 09ea1e79-ffd9-4177-b750-097da61e71a3
2026-01-14T01:03:33.366Z - User disconnected: tFaCer0mVTG4f1FQAADT
2026-01-14T01:03:34.212Z - User connected: sPEQI8PGppCguN5CAADX
2026-01-14T01:03:34.258Z - User sPEQI8PGppCguN5CAADX joined room 09ea1e79-ffd9-4177-b750-097da61e71a3
2026-01-14T01:03:34.258Z - User sPEQI8PGppCguN5CAADX joined room d0dcc3f8-60ca-43b0-9f4f-91bc51c1a009
2026-01-14T01:03:34.258Z - User sPEQI8PGppCguN5CAADX joined room 09ea1e79-ffd9-4177-b750-097da61e71a3
2026-01-14T01:03:34.787Z - User disconnected: 1uohPTGLeHqbGGbiAADV
2026-01-14T01:03:35.039Z - User connected: -mvZ1HdYH7Q-cAofAADZ
2026-01-14T01:03:35.139Z - User -mvZ1HdYH7Q-cAofAADZ joined room 09ea1e79-ffd9-4177-b750-097da61e71a3
2026-01-14T01:03:35.139Z - User -mvZ1HdYH7Q-cAofAADZ joined room 70a7419c-0af5-4822-8919-2c18f4e350a3
2026-01-14T01:03:35.139Z - User -mvZ1HdYH7Q-cAofAADZ joined room 09ea1e79-ffd9-4177-b750-097da61e71a3
2026-01-14T01:03:35.373Z - User disconnected: sPEQI8PGppCguN5CAADX
2026-01-14T01:03:36.132Z - User connected: ZTV7EaWapcWy3ygjAADb
2026-01-14T01:03:36.166Z - User ZTV7EaWapcWy3ygjAADb joined room 09ea1e79-ffd9-4177-b750-097da61e71a3
2026-01-14T01:03:36.166Z - User ZTV7EaWapcWy3ygjAADb joined room d0dcc3f8-60ca-43b0-9f4f-91bc51c1a009
2026-01-14T01:03:36.166Z - User ZTV7EaWapcWy3ygjAADb joined room 09ea1e79-ffd9-4177-b750-097da61e71a3
2026-01-14T01:03:36.246Z - User disconnected: ZTV7EaWapcWy3ygjAADb
2026-01-14T01:03:36.575Z - User disconnected: -mvZ1HdYH7Q-cAofAADZ
2026-01-14T01:03:36.963Z - User connected: ly5FVYDbpVtq1RkZAADd
2026-01-14T01:03:37.020Z - User ly5FVYDbpVtq1RkZAADd joined room 09ea1e79-ffd9-4177-b750-097da61e71a3
2026-01-14T01:03:37.020Z - User ly5FVYDbpVtq1RkZAADd joined room 70a7419c-0af5-4822-8919-2c18f4e350a3
2026-01-14T01:03:37.020Z - User ly5FVYDbpVtq1RkZAADd joined room 09ea1e79-ffd9-4177-b750-097da61e71a3
2026-01-14T01:03:37.118Z - User connected: SJTVcET1aSfdbKEcAADf
2026-01-14T01:03:37.222Z - User SJTVcET1aSfdbKEcAADf joined room 09ea1e79-ffd9-4177-b750-097da61e71a3
2026-01-14T01:03:37.222Z - User SJTVcET1aSfdbKEcAADf joined room d0dcc3f8-60ca-43b0-9f4f-91bc51c1a009
2026-01-14T01:03:37.222Z - User SJTVcET1aSfdbKEcAADf joined room 09ea1e79-ffd9-4177-b750-097da61e71a3
2026-01-14T01:03:37.228Z - User disconnected: ly5FVYDbpVtq1RkZAADd
2026-01-14T01:03:37.532Z - User connected: EopkFXIWMWzRKtjWAADh
2026-01-14T01:03:37.554Z - User disconnected: SJTVcET1aSfdbKEcAADf
2026-01-14T01:03:37.640Z - User EopkFXIWMWzRKtjWAADh joined room 09ea1e79-ffd9-4177-b750-097da61e71a3
2026-01-14T01:03:37.640Z - User EopkFXIWMWzRKtjWAADh joined room 70a7419c-0af5-4822-8919-2c18f4e350a3
2026-01-14T01:03:37.640Z - User EopkFXIWMWzRKtjWAADh joined room 09ea1e79-ffd9-4177-b750-097da61e71a3
2026-01-14T01:03:37.807Z - User connected: nhVU4Ru0MI1s6zstAADj
2026-01-14T01:03:37.832Z - User disconnected: nhVU4Ru0MI1s6zstAADj
2026-01-14T01:03:37.918Z - User disconnected: EopkFXIWMWzRKtjWAADh
2026-01-14T01:03:38.190Z - User connected: KxYSoXD20ucRDuwyAADl
2026-01-14T01:03:38.259Z - User KxYSoXD20ucRDuwyAADl joined room 09ea1e79-ffd9-4177-b750-097da61e71a3
2026-01-14T01:03:38.259Z - User KxYSoXD20ucRDuwyAADl joined room 70a7419c-0af5-4822-8919-2c18f4e350a3
2026-01-14T01:03:38.259Z - User KxYSoXD20ucRDuwyAADl joined room 09ea1e79-ffd9-4177-b750-097da61e71a3
2026-01-14T01:03:39.285Z - User connected: w17cURD5QbP1aGrFAADn
2026-01-14T01:03:39.288Z - User disconnected: KxYSoXD20ucRDuwyAADl
2026-01-14T01:03:39.328Z - User w17cURD5QbP1aGrFAADn joined room 09ea1e79-ffd9-4177-b750-097da61e71a3
2026-01-14T01:03:39.328Z - User w17cURD5QbP1aGrFAADn joined room d0dcc3f8-60ca-43b0-9f4f-91bc51c1a009
2026-01-14T01:03:39.328Z - User w17cURD5QbP1aGrFAADn joined room 09ea1e79-ffd9-4177-b750-097da61e71a3
2026-01-14T01:03:39.598Z - User connected: jZpUhAQgRq4LmqbtAADp
2026-01-14T01:03:39.651Z - User jZpUhAQgRq4LmqbtAADp joined room 09ea1e79-ffd9-4177-b750-097da61e71a3
2026-01-14T01:03:39.651Z - User jZpUhAQgRq4LmqbtAADp joined room 70a7419c-0af5-4822-8919-2c18f4e350a3
2026-01-14T01:03:39.651Z - User jZpUhAQgRq4LmqbtAADp joined room 09ea1e79-ffd9-4177-b750-097da61e71a3
2026-01-14T01:03:40.034Z - User disconnected: w17cURD5QbP1aGrFAADn
2026-01-14T01:03:40.785Z - User connected: IFUq6OcsG63yNMrGAADr
2026-01-14T01:03:40.890Z - User IFUq6OcsG63yNMrGAADr joined room 09ea1e79-ffd9-4177-b750-097da61e71a3
2026-01-14T01:03:40.890Z - User IFUq6OcsG63yNMrGAADr joined room d0dcc3f8-60ca-43b0-9f4f-91bc51c1a009
2026-01-14T01:03:40.890Z - User IFUq6OcsG63yNMrGAADr joined room 09ea1e79-ffd9-4177-b750-097da61e71a3
2026-01-14T01:03:41.135Z - User disconnected: IFUq6OcsG63yNMrGAADr
2026-01-14T01:03:41.258Z - User disconnected: jZpUhAQgRq4LmqbtAADp
2026-01-14T01:03:41.599Z - User connected: w1SXQ5rF0CKwf0-fAADt
2026-01-14T01:03:41.650Z - User w1SXQ5rF0CKwf0-fAADt joined room 09ea1e79-ffd9-4177-b750-097da61e71a3
2026-01-14T01:03:41.650Z - User w1SXQ5rF0CKwf0-fAADt joined room 70a7419c-0af5-4822-8919-2c18f4e350a3
2026-01-14T01:03:41.650Z - User w1SXQ5rF0CKwf0-fAADt joined room 09ea1e79-ffd9-4177-b750-097da61e71a3
2026-01-14T01:03:42.255Z - User connected: Nn9Kkg5vK7eruX1uAADv
2026-01-14T01:03:42.279Z - User Nn9Kkg5vK7eruX1uAADv joined room 09ea1e79-ffd9-4177-b750-097da61e71a3
2026-01-14T01:03:42.279Z - User Nn9Kkg5vK7eruX1uAADv joined room d0dcc3f8-60ca-43b0-9f4f-91bc51c1a009
2026-01-14T01:03:42.279Z - User Nn9Kkg5vK7eruX1uAADv joined room 09ea1e79-ffd9-4177-b750-097da61e71a3
2026-01-14T01:03:42.403Z - User disconnected: Nn9Kkg5vK7eruX1uAADv
2026-01-14T01:03:42.712Z - User connected: ZX9qsbrrZFkX0SJCAADx
2026-01-14T01:03:42.743Z - User disconnected: ZX9qsbrrZFkX0SJCAADx
2026-01-14T01:03:43.449Z - User connected: m2R64ixZL5_9vvdNAADz
2026-01-14T01:03:43.484Z - User m2R64ixZL5_9vvdNAADz joined room 09ea1e79-ffd9-4177-b750-097da61e71a3
2026-01-14T01:03:43.484Z - User m2R64ixZL5_9vvdNAADz joined room d0dcc3f8-60ca-43b0-9f4f-91bc51c1a009
2026-01-14T01:03:43.484Z - User m2R64ixZL5_9vvdNAADz joined room 09ea1e79-ffd9-4177-b750-097da61e71a3
2026-01-14T01:03:43.524Z - User disconnected: w1SXQ5rF0CKwf0-fAADt
2026-01-14T01:03:43.909Z - User connected: R8H_JXqiVdvbdCRiAAD1
2026-01-14T01:03:43.958Z - User R8H_JXqiVdvbdCRiAAD1 joined room 09ea1e79-ffd9-4177-b750-097da61e71a3
2026-01-14T01:03:43.958Z - User R8H_JXqiVdvbdCRiAAD1 joined room 70a7419c-0af5-4822-8919-2c18f4e350a3
2026-01-14T01:03:43.958Z - User R8H_JXqiVdvbdCRiAAD1 joined room 09ea1e79-ffd9-4177-b750-097da61e71a3
2026-01-14T01:03:43.976Z - User disconnected: m2R64ixZL5_9vvdNAADz
2026-01-14T01:03:44.379Z - User connected: XzkARsyCNODVUEywAAD3
2026-01-14T01:03:44.561Z - User XzkARsyCNODVUEywAAD3 joined room 09ea1e79-ffd9-4177-b750-097da61e71a3
2026-01-14T01:03:44.562Z - User XzkARsyCNODVUEywAAD3 joined room 70a7419c-0af5-4822-8919-2c18f4e350a3
2026-01-14T01:03:44.562Z - User XzkARsyCNODVUEywAAD3 joined room 09ea1e79-ffd9-4177-b750-097da61e71a3
2026-01-14T01:03:44.911Z - User disconnected: XzkARsyCNODVUEywAAD3
2026-01-14T01:03:45.164Z - User connected: ADXwZDV4t17YdgB6AAD5
2026-01-14T01:03:45.218Z - User ADXwZDV4t17YdgB6AAD5 joined room 09ea1e79-ffd9-4177-b750-097da61e71a3
2026-01-14T01:03:45.218Z - User ADXwZDV4t17YdgB6AAD5 joined room 70a7419c-0af5-4822-8919-2c18f4e350a3
2026-01-14T01:03:45.218Z - User ADXwZDV4t17YdgB6AAD5 joined room 09ea1e79-ffd9-4177-b750-097da61e71a3
2026-01-14T01:03:45.520Z - User connected: JbYtkAnA_qDbRkdiAAD7
2026-01-14T01:03:45.550Z - User JbYtkAnA_qDbRkdiAAD7 joined room 09ea1e79-ffd9-4177-b750-097da61e71a3
2026-01-14T01:03:45.550Z - User JbYtkAnA_qDbRkdiAAD7 joined room d0dcc3f8-60ca-43b0-9f4f-91bc51c1a009
2026-01-14T01:03:45.550Z - User JbYtkAnA_qDbRkdiAAD7 joined room 09ea1e79-ffd9-4177-b750-097da61e71a3
2026-01-14T01:03:45.598Z - User disconnected: ADXwZDV4t17YdgB6AAD5
2026-01-14T01:03:45.875Z - User connected: ppv8TqD8h4YcNGk0AAD9
2026-01-14T01:03:45.971Z - User ppv8TqD8h4YcNGk0AAD9 joined room 09ea1e79-ffd9-4177-b750-097da61e71a3
2026-01-14T01:03:45.971Z - User ppv8TqD8h4YcNGk0AAD9 joined room 70a7419c-0af5-4822-8919-2c18f4e350a3
2026-01-14T01:03:45.971Z - User ppv8TqD8h4YcNGk0AAD9 joined room 09ea1e79-ffd9-4177-b750-097da61e71a3
2026-01-14T01:03:50.825Z - User disconnected: ppv8TqD8h4YcNGk0AAD9
2026-01-14T01:03:51.128Z - User connected: aU_QE_zST1tmTeMyAAD_
2026-01-14T01:03:51.175Z - User aU_QE_zST1tmTeMyAAD_ joined room 09ea1e79-ffd9-4177-b750-097da61e71a3
2026-01-14T01:03:51.175Z - User aU_QE_zST1tmTeMyAAD_ joined room 70a7419c-0af5-4822-8919-2c18f4e350a3
2026-01-14T01:03:51.175Z - User aU_QE_zST1tmTeMyAAD_ joined room 09ea1e79-ffd9-4177-b750-097da61e71a3
2026-01-14T01:03:56.623Z - User disconnected: JbYtkAnA_qDbRkdiAAD7
2026-01-14T01:03:57.345Z - User connected: MXZ0PgpfqrXI1PeBAAEB
2026-01-14T01:03:57.474Z - User MXZ0PgpfqrXI1PeBAAEB joined room 09ea1e79-ffd9-4177-b750-097da61e71a3
2026-01-14T01:03:57.475Z - User MXZ0PgpfqrXI1PeBAAEB joined room d0dcc3f8-60ca-43b0-9f4f-91bc51c1a009
2026-01-14T01:03:57.475Z - User MXZ0PgpfqrXI1PeBAAEB joined room 09ea1e79-ffd9-4177-b750-097da61e71a3
2026-01-14T01:04:01.046Z - User disconnected: MXZ0PgpfqrXI1PeBAAEB
2026-01-14T01:04:02.126Z - User connected: aqCbgfR3z2NyXsG8AAED
2026-01-14T01:04:02.129Z - User aqCbgfR3z2NyXsG8AAED joined room 09ea1e79-ffd9-4177-b750-097da61e71a3
2026-01-14T01:04:02.129Z - User aqCbgfR3z2NyXsG8AAED joined room d0dcc3f8-60ca-43b0-9f4f-91bc51c1a009
2026-01-14T01:04:02.129Z - User aqCbgfR3z2NyXsG8AAED joined room 09ea1e79-ffd9-4177-b750-097da61e71a3
2026-01-14T01:04:02.265Z - User disconnected: aqCbgfR3z2NyXsG8AAED
2026-01-14T01:04:03.152Z - User disconnected: aU_QE_zST1tmTeMyAAD_
2026-01-14T01:04:03.425Z - User connected: bAT2PYc9c16VDMy4AAEG
2026-01-14T01:04:03.479Z - User bAT2PYc9c16VDMy4AAEG joined room 09ea1e79-ffd9-4177-b750-097da61e71a3
2026-01-14T01:04:03.479Z - User bAT2PYc9c16VDMy4AAEG joined room d0dcc3f8-60ca-43b0-9f4f-91bc51c1a009
2026-01-14T01:04:03.479Z - User bAT2PYc9c16VDMy4AAEG joined room 09ea1e79-ffd9-4177-b750-097da61e71a3
2026-01-14T01:04:03.497Z - User connected: Ju0GTBp0zyXkBz5IAAEH
2026-01-14T01:04:03.544Z - User Ju0GTBp0zyXkBz5IAAEH joined room 09ea1e79-ffd9-4177-b750-097da61e71a3
2026-01-14T01:04:03.544Z - User Ju0GTBp0zyXkBz5IAAEH joined room 70a7419c-0af5-4822-8919-2c18f4e350a3
2026-01-14T01:04:03.544Z - User Ju0GTBp0zyXkBz5IAAEH joined room 09ea1e79-ffd9-4177-b750-097da61e71a3
2026-01-14T01:04:12.732Z - User disconnected: Ju0GTBp0zyXkBz5IAAEH
2026-01-14T01:04:14.010Z - User disconnected: bAT2PYc9c16VDMy4AAEG
